[0527/145151:INFO:http_cache_transaction.cc(72)] IgnoreZeroCacheError: 0
[0527/145200:WARNING:url_request_job_manager.cc(89)] Failed to map: weixin://resourceid/blank
[0527/192928:WARNING:webmediaplayer_impl.cc(341)] Using MultibufferDataSource
[0527/193135:WARNING:url_request_job_manager.cc(89)] Failed to map: weixin://resourceid/blank
[0528/143221:WARNING:quota_manager.cc(1833)] Create directory failed for path
[0528/143221:WARNING:quota_manager.cc(1833)] Create directory failed for path
[0528/143222:WARNING:quota_manager.cc(1833)] Create directory failed for path
[0528/143222:WARNING:quota_manager.cc(1833)] Create directory failed for path
[0528/143222:WARNING:quota_manager.cc(1833)] Create directory failed for path
[0528/143222:WARNING:quota_manager.cc(1833)] Create directory failed for path
[0528/143222:WARNING:quota_manager.cc(1833)] Create directory failed for path
[0528/143224:WARNING:quota_manager.cc(1833)] Create directory failed for path
[0528/143224:WARNING:quota_manager.cc(1833)] Create directory failed for path
[0528/143224:WARNING:quota_manager.cc(1833)] Create directory failed for path
[0528/143224:WARNING:quota_manager.cc(1833)] Create directory failed for path
[0528/143224:WARNING:quota_manager.cc(1833)] Create directory failed for path
[0528/143225:WARNING:quota_manager.cc(1833)] Create directory failed for path
[0528/143226:WARNING:quota_manager.cc(1833)] Create directory failed for path
[0528/143226:WARNING:quota_manager.cc(1833)] Create directory failed for path
[0528/143226:WARNING:quota_manager.cc(1833)] Create directory failed for path
[0528/143226:WARNING:quota_manager.cc(1833)] Create directory failed for path
[0528/143228:WARNING:quota_manager.cc(1833)] Create directory failed for path
[0528/143228:WARNING:quota_manager.cc(1833)] Create directory failed for path
[0528/143228:WARNING:quota_manager.cc(1833)] Create directory failed for path
[0528/143228:WARNING:quota_manager.cc(1833)] Create directory failed for path
[0528/143228:WARNING:quota_manager.cc(1833)] Create directory failed for path
[0528/143230:WARNING:url_request_job_manager.cc(89)] Failed to map: weixin://resourceid/blank
[0528/150221:WARNING:quota_manager.cc(1833)] Create directory failed for path
[0528/150221:WARNING:quota_manager.cc(1833)] Create directory failed for path
[0528/153221:WARNING:quota_manager.cc(1833)] Create directory failed for path
[0528/160221:WARNING:quota_manager.cc(1833)] Create directory failed for path
[0528/163221:WARNING:quota_manager.cc(1833)] Create directory failed for path
[0528/170221:WARNING:quota_manager.cc(1833)] Create directory failed for path
[0528/173221:WARNING:quota_manager.cc(1833)] Create directory failed for path
[0528/180221:WARNING:quota_manager.cc(1833)] Create directory failed for path
[0528/183221:WARNING:quota_manager.cc(1833)] Create directory failed for path
[0528/190221:WARNING:quota_manager.cc(1833)] Create directory failed for path
[0528/193221:WARNING:quota_manager.cc(1833)] Create directory failed for path
[0528/200221:WARNING:quota_manager.cc(1833)] Create directory failed for path
[0528/203221:WARNING:quota_manager.cc(1833)] Create directory failed for path
[0528/210221:WARNING:quota_manager.cc(1833)] Create directory failed for path
[0528/213221:WARNING:quota_manager.cc(1833)] Create directory failed for path
[0528/220221:WARNING:quota_manager.cc(1833)] Create directory failed for path
[0528/223221:WARNING:quota_manager.cc(1833)] Create directory failed for path
[0528/230221:WARNING:quota_manager.cc(1833)] Create directory failed for path
[0528/233221:WARNING:quota_manager.cc(1833)] Create directory failed for path
[0529/000221:WARNING:quota_manager.cc(1833)] Create directory failed for path
[0529/003221:WARNING:quota_manager.cc(1833)] Create directory failed for path
[0529/010221:WARNING:quota_manager.cc(1833)] Create directory failed for path
[0529/013221:WARNING:quota_manager.cc(1833)] Create directory failed for path
[0529/020221:WARNING:quota_manager.cc(1833)] Create directory failed for path
[0529/023221:WARNING:quota_manager.cc(1833)] Create directory failed for path
[0529/030222:WARNING:quota_manager.cc(1833)] Create directory failed for path
[0529/033222:WARNING:quota_manager.cc(1833)] Create directory failed for path
[0529/040222:WARNING:quota_manager.cc(1833)] Create directory failed for path
[0529/043222:WARNING:quota_manager.cc(1833)] Create directory failed for path
[0529/050222:WARNING:quota_manager.cc(1833)] Create directory failed for path
[0529/053222:WARNING:quota_manager.cc(1833)] Create directory failed for path
[0529/060222:WARNING:quota_manager.cc(1833)] Create directory failed for path
[0529/063222:WARNING:quota_manager.cc(1833)] Create directory failed for path
[0529/070222:WARNING:quota_manager.cc(1833)] Create directory failed for path
[0529/073222:WARNING:quota_manager.cc(1833)] Create directory failed for path
[0529/080222:WARNING:quota_manager.cc(1833)] Create directory failed for path
[0529/083222:WARNING:quota_manager.cc(1833)] Create directory failed for path
[0529/090222:WARNING:quota_manager.cc(1833)] Create directory failed for path
[0529/093222:WARNING:quota_manager.cc(1833)] Create directory failed for path
[0529/100222:WARNING:quota_manager.cc(1833)] Create directory failed for path
[0529/103222:WARNING:quota_manager.cc(1833)] Create directory failed for path
[0529/110222:WARNING:quota_manager.cc(1833)] Create directory failed for path
[0529/113222:WARNING:quota_manager.cc(1833)] Create directory failed for path
[0529/120222:WARNING:quota_manager.cc(1833)] Create directory failed for path
[0529/123222:WARNING:quota_manager.cc(1833)] Create directory failed for path
[0529/130222:WARNING:quota_manager.cc(1833)] Create directory failed for path
[0529/133222:WARNING:quota_manager.cc(1833)] Create directory failed for path
[0529/140222:WARNING:quota_manager.cc(1833)] Create directory failed for path
[0529/143222:WARNING:quota_manager.cc(1833)] Create directory failed for path
[0529/150222:WARNING:quota_manager.cc(1833)] Create directory failed for path
[0529/153222:WARNING:quota_manager.cc(1833)] Create directory failed for path
[0529/160222:WARNING:quota_manager.cc(1833)] Create directory failed for path
[0529/163222:WARNING:quota_manager.cc(1833)] Create directory failed for path
[0529/170222:WARNING:quota_manager.cc(1833)] Create directory failed for path
[0529/173222:WARNING:quota_manager.cc(1833)] Create directory failed for path
[0529/180222:WARNING:quota_manager.cc(1833)] Create directory failed for path
[0529/183222:WARNING:quota_manager.cc(1833)] Create directory failed for path
[0529/190222:WARNING:quota_manager.cc(1833)] Create directory failed for path
[0529/191124:ERROR:browser_gpu_channel_host_factory.cc(119)] Failed to launch GPU process.
